This is XeTeX, Version 3.141592653-2.6-0.999994 (TeX Live 2022) (preloaded format=xelatex 2022.10.9)  28 DEC 2022 15:15
entering extended mode
 restricted \write18 enabled.
 file:line:error style messages enabled.
 %&-line parsing enabled.
**/Users/lyh/Downloads/大二/latex/title/title
(/Users/lyh/Downloads/大二/latex/title/title.tex
LaTeX2e <2021-11-15> patch level 1
L3 programming layer <2022-02-24>

! LaTeX Error: File `zjureport.cls' not found.

Type X to quit or <RETURN> to proceed,
or enter new name. (Default extension: cls)

Enter file name: 
/Users/lyh/Downloads/大二/latex/title/title.tex:2: Emergency stop.
<read *> 
         
l.2 \special
            {dvipdfmx:config z 0} % 取消PDF压缩，加快速度，最终版本生成的时候最好把这句话注释掉^^M
*** (cannot \read from terminal in nonstop modes)

 
Here is how much of TeX's memory you used:
 22 strings out of 476179
 487 string characters out of 5809544
 298513 words of memory out of 5000000
 20874 multiletter control sequences out of 15000+600000
 469259 words of font info for 28 fonts, out of 8000000 for 9000
 1348 hyphenation exceptions out of 8191
 19i,0n,29p,139b,17s stack positions out of 10000i,1000n,20000p,200000b,200000s
No pages of output.
