\BOOKMARK [1][-]{section.1}{\376\377\144\315\117\134\145\271\154\325\116\016\133\236\232\214\153\145\232\244}{}% 1
\BOOKMARK [2][-]{subsection.1.1}{\376\377\123\237\164\006\126\376\213\276\213\241\133\236\163\260\0007\0004\000L\000S\000L\000S\0001\0003\0008\213\321\170\001\126\150\152\041\127\127}{section.1}% 2
\BOOKMARK [3][-]{subsubsection.1.1.1}{\376\377\165\073\121\372\123\237\164\006\126\376}{subsection.1.1}% 3
\BOOKMARK [3][-]{subsubsection.1.1.2}{\376\377\127\050\000I\000S\000E\116\055\217\320\210\114\165\037\142\020\000H\000D\000L\116\343\170\001}{subsection.1.1}% 4
\BOOKMARK [3][-]{subsubsection.1.1.3}{\376\377\133\371\152\041\127\127\217\333\210\114\116\377\167\037}{subsection.1.1}% 5
\BOOKMARK [3][-]{subsubsection.1.1.4}{\376\377\133\214\142\020\121\150\220\350\144\315\117\134}{subsection.1.1}% 6
\BOOKMARK [2][-]{subsection.1.2}{\376\377\232\214\213\301\000D\000\040\0007\0004\000L\000S\0001\0003\0008}{section.1}% 7
\BOOKMARK [3][-]{subsubsection.1.2.1}{\376\377\000D\000\040\0007\0004\000L\000S\0001\0003\0008\000\040\000T\000E\000S\000T\123\237\164\006\126\376}{subsection.1.2}% 8
\BOOKMARK [3][-]{subsubsection.1.2.2}{\376\377\116\013\162\110\232\214\213\301}{subsection.1.2}% 9
\BOOKMARK [2][-]{subsection.1.3}{\376\377\133\236\163\260\151\174\220\123\160\157\143\247\122\066}{section.1}% 10
\BOOKMARK [3][-]{subsubsection.1.3.1}{\376\377\217\333\210\114\123\237\164\006\126\376\176\330\122\066}{subsection.1.3}% 11
\BOOKMARK [3][-]{subsubsection.1.3.2}{\376\377\133\371\152\041\127\127\217\333\210\114\152\041\142\337\116\377\167\037}{subsection.1.3}% 12
\BOOKMARK [3][-]{subsubsection.1.3.3}{\376\377\116\013\162\110\232\214\213\301}{subsection.1.3}% 13
\BOOKMARK [2][-]{subsection.1.4}{\376\377\000B\000o\000n\000o\000u\000s\000:\000L\000a\000m\000p\000C\000t\000l\000.\000v\166\204\232\214\213\301}{section.1}% 14
\BOOKMARK [3][-]{subsubsection.1.4.1}{\376\377\201\352\210\114\116\146\121\231\000L\000a\000m\000p\000C\000t\000r\000l\000.\000v}{subsection.1.4}% 15
\BOOKMARK [3][-]{subsubsection.1.4.2}{\376\377\133\371\116\343\170\001\217\333\210\114\152\041\142\337\116\377\167\037}{subsection.1.4}% 16
\BOOKMARK [1][-]{section.2}{\376\377\133\236\232\214\176\323\147\234\143\317\217\360\116\016\122\006\147\220}{}% 17
\BOOKMARK [2][-]{subsection.2.1}{\376\377\000P\000a\000r\000t\0001\000:\213\321\170\001\126\150\123\237\164\006\126\376\232\214\213\301}{section.2}% 18
\BOOKMARK [2][-]{subsection.2.2}{\376\377\000P\000a\000r\000t\0002\000:\213\321\170\001\126\150\116\013\162\110\232\214\213\301}{section.2}% 19
\BOOKMARK [2][-]{subsection.2.3}{\376\377\000P\000a\000r\000t\0003\000:\160\157\121\111\143\247\122\066\232\214\213\301}{section.2}% 20
\BOOKMARK [3][-]{subsubsection.2.3.1}{\376\377\154\342\137\142\126\376}{subsection.2.3}% 21
\BOOKMARK [3][-]{subsubsection.2.3.2}{\376\377\116\013\162\110\232\214\213\301}{subsection.2.3}% 22
\BOOKMARK [1][-]{section.3}{\376\377\213\250\213\272\116\016\137\303\137\227}{}% 23
\BOOKMARK [1][-]{section.4}{\376\377\000B\000o\000n\000o\000u\000s}{}% 24
