\BOOKMARK [1][-]{section.1}{\376\377\134\017\176\304\142\020\124\130}{}% 1
\BOOKMARK [1][-]{section.2}{\376\377\230\171\166\356\116\313\176\315}{}% 2
\BOOKMARK [1][-]{section.3}{\376\377\137\000\123\321\152\041\137\017}{}% 3
\BOOKMARK [1][-]{section.4}{\376\377\150\106\147\266\140\035\215\357}{}% 4
\BOOKMARK [2][-]{subsection.4.1}{\376\377\127\372\147\054\155\101\172\013}{section.4}% 5
\BOOKMARK [2][-]{subsection.4.2}{\376\377\145\160\143\156\220\032\215\357}{section.4}% 6
\BOOKMARK [3][-]{subsubsection.4.2.1}{\376\377\000D\000a\000t\000a\000P\000a\000t\000h\126\376}{subsection.4.2}% 7
\BOOKMARK [3][-]{subsubsection.4.2.2}{\376\377\143\247\122\066\117\341\123\367\211\343\221\312}{subsection.4.2}% 8
\BOOKMARK [2][-]{subsection.4.3}{\376\377\217\320\210\114\155\101\172\013}{section.4}% 9
\BOOKMARK [3][-]{subsubsection.4.3.1}{\376\377\000I\000F\226\066\153\265}{subsection.4.3}% 10
\BOOKMARK [3][-]{subsubsection.4.3.2}{\376\377\000I\000D\226\066\153\265}{subsection.4.3}% 11
\BOOKMARK [3][-]{subsubsection.4.3.3}{\376\377\000E\000X\000E\226\066\153\265}{subsection.4.3}% 12
\BOOKMARK [3][-]{subsubsection.4.3.4}{\376\377\000M\000E\000M\226\066\153\265}{subsection.4.3}% 13
\BOOKMARK [3][-]{subsubsection.4.3.5}{\376\377\000W\000B\226\066\153\265}{subsection.4.3}% 14
\BOOKMARK [2][-]{subsection.4.4}{\376\377\133\371\143\007\116\344\142\147\210\114\166\204\116\076\117\213\213\364\146\016\000:}{section.4}% 15
\BOOKMARK [3][-]{subsubsection.4.4.1}{\376\377\000A\000L\000U\143\007\116\344}{subsection.4.4}% 16
\BOOKMARK [3][-]{subsubsection.4.4.2}{\376\377\121\205\133\130\133\130\123\326\143\007\116\344}{subsection.4.4}% 17
\BOOKMARK [3][-]{subsubsection.4.4.3}{\376\377\150\010\144\315\117\134\143\007\116\344}{subsection.4.4}% 18
\BOOKMARK [3][-]{subsubsection.4.4.4}{\376\377\155\101\172\013\143\247\122\066\143\007\116\344}{subsection.4.4}% 19
\BOOKMARK [3][-]{subsubsection.4.4.5}{\376\377\000H\000A\000L\000T}{subsection.4.4}% 20
\BOOKMARK [1][-]{section.5}{\376\377\152\041\127\127\166\204\121\167\117\123\133\236\163\260}{}% 21
\BOOKMARK [2][-]{subsection.5.1}{\376\377\000m\000o\000d\000u\000l\000e\000\040\000P\000C}{section.5}% 22
\BOOKMARK [2][-]{subsection.5.2}{\376\377\000m\000o\000d\000u\000l\000e\000\040\000I\000n\000s\000t\000M\000e\000m}{section.5}% 23
\BOOKMARK [2][-]{subsection.5.3}{\376\377\000m\000o\000d\000u\000l\000e\000\040\000R\000e\000g\000F\000i\000l\000e}{section.5}% 24
\BOOKMARK [2][-]{subsection.5.4}{\376\377\000m\000o\000d\000u\000l\000e\000\040\000A\000L\000U}{section.5}% 25
\BOOKMARK [2][-]{subsection.5.5}{\376\377\000m\000o\000d\000u\000l\000e\000\040\000I\000m\000m\0005\000E\000x\000t\000e\000n\000d}{section.5}% 26
\BOOKMARK [2][-]{subsection.5.6}{\376\377\000m\000o\000d\000u\000l\000e\000\040\000M\000e\000m\000o\000r\000y}{section.5}% 27
\BOOKMARK [2][-]{subsection.5.7}{\376\377\000m\000o\000d\000u\000l\000e\000\040\000M\000U\000X}{section.5}% 28
\BOOKMARK [2][-]{subsection.5.8}{\376\377\000m\000o\000d\000u\000l\000e\000\040\000S\000P}{section.5}% 29
\BOOKMARK [2][-]{subsection.5.9}{\376\377\000m\000o\000d\000u\000l\000e\000\040\000S\000P\000M\000U\000X}{section.5}% 30
\BOOKMARK [2][-]{subsection.5.10}{\376\377\000m\000o\000d\000u\000l\000e\000\040\000C\000o\000n\000t\000r\000o\000l\000U\000n\000i\000t}{section.5}% 31
\BOOKMARK [2][-]{subsection.5.11}{\376\377\000m\000o\000d\000u\000l\000e\000\040\000t\000o\000p}{section.5}% 32
\BOOKMARK [1][-]{section.6}{\376\377\155\113\213\325\145\271\154\325}{}% 33
\BOOKMARK [1][-]{section.7}{\376\377\155\113\213\325\176\323\147\234}{}% 34
\BOOKMARK [2][-]{subsection.7.1}{\376\377\232\214\213\301\000A\000L\000U\143\007\116\344}{section.7}% 35
\BOOKMARK [2][-]{subsection.7.2}{\376\377\232\214\213\301\155\101\172\013\143\247\122\066\143\007\116\344}{section.7}% 36
\BOOKMARK [2][-]{subsection.7.3}{\376\377\232\214\213\301\143\007\116\344\000:\000P\000U\000S\000H\060\001\000P\000O\000P}{section.7}% 37
\BOOKMARK [2][-]{subsection.7.4}{\376\377\217\320\210\114\213\241\173\227\145\220\154\342\220\243\131\121\145\160\143\007\116\344}{section.7}% 38
\BOOKMARK [1][-]{section.8}{\376\377\142\020\124\130\215\041\163\056\136\246}{}% 39
\BOOKMARK [1][-]{section.9}{\376\377\226\104\137\125\000:\000g\000i\000t\000h\000u\000b\000\040\000c\000o\000m\000m\000i\000t\000\040\213\260\137\125}{}% 40
\BOOKMARK [1][-]{section.10}{\376\377\226\104\137\125\000:\000I\000S\000A}{}% 41
\BOOKMARK [2][-]{subsection.10.1}{\376\377\000A\000L\000U\143\007\116\344}{section.10}% 42
\BOOKMARK [2][-]{subsection.10.2}{\376\377\133\130\120\250\143\007\116\344}{section.10}% 43
\BOOKMARK [2][-]{subsection.10.3}{\376\377\155\101\172\013\143\247\122\066\143\007\116\344}{section.10}% 44
\BOOKMARK [2][-]{subsection.10.4}{\376\377\130\006\150\010\144\315\117\134\143\007\116\344}{section.10}% 45
